MultiPlayer Photon/Library/Bee/Android/Prj/Mono2x/Gradle/launcher/build/intermediates/manifest_merge_blame_file/release/manifest-merger-blame-release-report.txt
1<?xml version="1.0" encoding="utf-8"?>
2<manifest xmlns:android="http://schemas.android.com/apk/res/android"
3    package="com.DefaultCompany.MultiPlayerPhoton"
4    android:installLocation="preferExternal"
5    android:versionCode="1"
6    android:versionName="0.1" >
7
8    <uses-sdk
9        android:minSdkVersion="22"
9-->src\main\AndroidManifest.xml
10        android:targetSdkVersion="32" />
10-->src\main\AndroidManifest.xml
11
12    <supports-screens
12-->src\main\AndroidManifest.xml:3:3-163
13        android:anyDensity="true"
13-->src\main\AndroidManifest.xml:3:135-160
14        android:largeScreens="true"
14-->src\main\AndroidManifest.xml:3:78-105
15        android:normalScreens="true"
15-->src\main\AndroidManifest.xml:3:49-77
16        android:smallScreens="true"
16-->src\main\AndroidManifest.xml:3:21-48
17        android:xlargeScreens="true" />
17-->src\main\AndroidManifest.xml:3:106-134
18
19    <uses-feature android:glEsVersion="0x00030000" />
19-->[:unityLibrary] AndroidManifest.xml:12:5-54
19-->[:unityLibrary] AndroidManifest.xml:12:19-51
20    <uses-feature
20-->[:unityLibrary] AndroidManifest.xml:13:5-15:36
21        android:name="android.hardware.vulkan.version"
21-->[:unityLibrary] AndroidManifest.xml:14:9-55
22        android:required="false" />
22-->[:unityLibrary] AndroidManifest.xml:15:9-33
23
24    <uses-permission android:name="android.permission.INTERNET" />
24-->[:unityLibrary] AndroidManifest.xml:17:5-67
24-->[:unityLibrary] AndroidManifest.xml:17:22-64
25    <uses-permission android:name="android.permission.RECORD_AUDIO" />
25-->[:unityLibrary] AndroidManifest.xml:18:5-71
25-->[:unityLibrary] AndroidManifest.xml:18:22-68
26    <uses-permission android:name="android.permission.MODIFY_AUDIO_SETTINGS" />
26-->[:unityLibrary] AndroidManifest.xml:19:5-80
26-->[:unityLibrary] AndroidManifest.xml:19:22-77
27    <uses-permission android:name="android.permission.BLUETOOTH" />
27-->[:unityLibrary] AndroidManifest.xml:20:5-68
27-->[:unityLibrary] AndroidManifest.xml:20:22-65
28
29    <uses-feature
29-->[:unityLibrary] AndroidManifest.xml:22:5-24:36
30        android:name="android.hardware.microphone"
30-->[:unityLibrary] AndroidManifest.xml:23:9-51
31        android:required="false" />
31-->[:unityLibrary] AndroidManifest.xml:24:9-33
32    <uses-feature
32-->[:unityLibrary] AndroidManifest.xml:25:5-27:36
33        android:name="android.hardware.sensor.accelerometer"
33-->[:unityLibrary] AndroidManifest.xml:26:9-61
34        android:required="false" />
34-->[:unityLibrary] AndroidManifest.xml:27:9-33
35    <uses-feature
35-->[:unityLibrary] AndroidManifest.xml:28:5-30:36
36        android:name="android.hardware.touchscreen"
36-->[:unityLibrary] AndroidManifest.xml:29:9-52
37        android:required="false" />
37-->[:unityLibrary] AndroidManifest.xml:30:9-33
38    <uses-feature
38-->[:unityLibrary] AndroidManifest.xml:31:5-33:36
39        android:name="android.hardware.touchscreen.multitouch"
39-->[:unityLibrary] AndroidManifest.xml:32:9-63
40        android:required="false" />
40-->[:unityLibrary] AndroidManifest.xml:33:9-33
41    <uses-feature
41-->[:unityLibrary] AndroidManifest.xml:34:5-36:36
42        android:name="android.hardware.touchscreen.multitouch.distinct"
42-->[:unityLibrary] AndroidManifest.xml:35:9-72
43        android:required="false" />
43-->[:unityLibrary] AndroidManifest.xml:36:9-33
44
45    <application
45-->src\main\AndroidManifest.xml:4:3-83
46        android:extractNativeLibs="true"
46-->[:unityLibrary] AndroidManifest.xml:38:18-50
47        android:icon="@mipmap/app_icon"
47-->src\main\AndroidManifest.xml:4:49-80
48        android:label="@string/app_name" >
48-->src\main\AndroidManifest.xml:4:16-48
49        <activity
49-->[:unityLibrary] AndroidManifest.xml:39:9-60:20
50            android:name="com.unity3d.player.UnityPlayerActivity"
50-->[:unityLibrary] AndroidManifest.xml:40:13-66
51            android:configChanges="mcc|mnc|locale|touchscreen|keyboard|keyboardHidden|navigation|orientation|screenLayout|uiMode|screenSize|smallestScreenSize|fontScale|layoutDirection|density"
51-->[:unityLibrary] AndroidManifest.xml:41:13-194
52            android:exported="true"
52-->[:unityLibrary] AndroidManifest.xml:42:13-36
53            android:hardwareAccelerated="false"
53-->[:unityLibrary] AndroidManifest.xml:43:13-48
54            android:launchMode="singleTask"
54-->[:unityLibrary] AndroidManifest.xml:44:13-44
55            android:resizeableActivity="false"
55-->[:unityLibrary] AndroidManifest.xml:45:13-47
56            android:screenOrientation="userLandscape"
56-->[:unityLibrary] AndroidManifest.xml:46:13-54
57            android:theme="@style/UnityThemeSelector" >
57-->[:unityLibrary] AndroidManifest.xml:47:13-54
58            <intent-filter>
58-->[:unityLibrary] AndroidManifest.xml:48:13-52:29
59                <action android:name="android.intent.action.MAIN" />
59-->[:unityLibrary] AndroidManifest.xml:49:17-69
59-->[:unityLibrary] AndroidManifest.xml:49:25-66
60
61                <category android:name="android.intent.category.LAUNCHER" />
61-->[:unityLibrary] AndroidManifest.xml:51:17-77
61-->[:unityLibrary] AndroidManifest.xml:51:27-74
62            </intent-filter>
63
64            <meta-data
64-->[:unityLibrary] AndroidManifest.xml:54:13-56:40
65                android:name="unityplayer.UnityActivity"
65-->[:unityLibrary] AndroidManifest.xml:55:17-57
66                android:value="true" />
66-->[:unityLibrary] AndroidManifest.xml:56:17-37
67            <meta-data
67-->[:unityLibrary] AndroidManifest.xml:57:13-59:40
68                android:name="android.notch_support"
68-->[:unityLibrary] AndroidManifest.xml:58:17-53
69                android:value="true" />
69-->[:unityLibrary] AndroidManifest.xml:59:17-37
70        </activity>
71
72        <meta-data
72-->[:unityLibrary] AndroidManifest.xml:62:9-64:33
73            android:name="unity.splash-mode"
73-->[:unityLibrary] AndroidManifest.xml:63:13-45
74            android:value="0" />
74-->[:unityLibrary] AndroidManifest.xml:64:13-30
75        <meta-data
75-->[:unityLibrary] AndroidManifest.xml:65:9-67:36
76            android:name="unity.splash-enable"
76-->[:unityLibrary] AndroidManifest.xml:66:13-47
77            android:value="True" />
77-->[:unityLibrary] AndroidManifest.xml:67:13-33
78        <meta-data
78-->[:unityLibrary] AndroidManifest.xml:68:9-70:36
79            android:name="unity.launch-fullscreen"
79-->[:unityLibrary] AndroidManifest.xml:69:13-51
80            android:value="True" />
80-->[:unityLibrary] AndroidManifest.xml:70:13-33
81        <meta-data
81-->[:unityLibrary] AndroidManifest.xml:71:9-73:37
82            android:name="unity.allow-resizable-window"
82-->[:unityLibrary] AndroidManifest.xml:72:13-56
83            android:value="False" />
83-->[:unityLibrary] AndroidManifest.xml:73:13-34
84        <meta-data
84-->[:unityLibrary] AndroidManifest.xml:74:9-76:50
85            android:name="notch.config"
85-->[:unityLibrary] AndroidManifest.xml:75:13-40
86            android:value="portrait|landscape" />
86-->[:unityLibrary] AndroidManifest.xml:76:13-47
87        <meta-data
87-->[:unityLibrary] AndroidManifest.xml:77:9-79:36
88            android:name="unity.auto-report-fully-drawn"
88-->[:unityLibrary] AndroidManifest.xml:78:13-57
89            android:value="true" />
89-->[:unityLibrary] AndroidManifest.xml:79:13-33
90    </application>
91
92</manifest>